2019-08-15 16:53:39.101 [main] DEBUG - Java version: 1.8.0_221
2019-08-15 16:53:39.103 [main] DEBUG - PddlPlannerConfig(C:\Users\SonOf\AppData\Local\Temp\domain-12712h7J5eeMYxrV2.pddl,C:\Users\SonOf\AppData\Local\Temp\problem-127129AINvsgNYnEi.pddl,false,0,1,NaN,0.0,0.001,,UNSPECIFIED,UNSPECIFIED,false,false,false,Default,,false,false,false,false,false,false,false,RPOnly,MAX,,,TASKS,,,,HOUR)
2019-08-15 16:53:39.373 [main] INFO  - Planning domain hello problem hello-world with epsilon 0.001
2019-08-15 16:53:39.376 [main] DEBUG - Transforming problem hello-world with hello to Engine model
2019-08-15 16:53:39.432 [main] DEBUG - Transforming domain hello to the Engine model
2019-08-15 16:53:39.436 [main] DEBUG - Found 3 types
2019-08-15 16:53:39.438 [main] DEBUG - Found 0 objects
2019-08-15 16:53:39.440 [main] DEBUG - Found 3 predicate (boolean) variables
2019-08-15 16:53:39.515 [main] DEBUG - Found 0 numeric fluent (double) variables
2019-08-15 16:53:39.518 [main] DEBUG - Found 0 derived boolean variables
2019-08-15 16:53:39.519 [main] DEBUG - Found 0 derived numeric variables
2019-08-15 16:53:39.594 [main] DEBUG - Transforming problem hello-world to the Engine model
2019-08-15 16:53:39.595 [main] DEBUG - Found 2 objects
2019-08-15 16:53:39.622 [main] INFO  - Setting LP running continuous effect extrapolation to MAX
2019-08-15 16:53:40.590 [main] DEBUG - Using Partial Order Scheduling
2019-08-15 16:53:40.609 [main] INFO  - Ordering state queue by UNSPECIFIED
2019-08-15 16:53:40.648 [main] INFO  - Using Skip to Relevant Layer Relaxed Plan Extraction mode.
2019-08-15 16:53:40.648 [main] INFO  - Using only helpful actions that appear in the relaxed plan.
2019-08-15 16:53:40.654 [main] DEBUG - Using Static Analysis Grounder
2019-08-15 16:53:40.654 [main] INFO  - Setting Stopping criteria to search for up to 1 plans.
2019-08-15 16:53:40.673 [main] INFO  - Starting to plan...
2019-08-15 16:53:40.711 [main] DEBUG - Instant actions: 2, Durative actions: 0, Combined Instant actions: 2, Variables: 3, Constants: 0, Objects: 2, Initial values: 2, Constraints: 0
2019-08-15 16:53:40.714 [main] DEBUG - Starting Calculated variable compilation pre-processor.
2019-08-15 16:53:40.721 [main] INFO  - Finished Calculated variable compilation pre-processor. Took 4 ms.
2019-08-15 16:53:40.722 [main] DEBUG - Instant actions: 2, Durative actions: 0, Combined Instant actions: 2, Variables: 3, Constants: 0, Objects: 2, Initial values: 2, Constraints: 0
2019-08-15 16:53:40.723 [main] DEBUG - Starting ForAll conditions and effects pre-processor.
2019-08-15 16:53:40.730 [main] INFO  - Finished ForAll conditions and effects pre-processor. Took 7 ms.
2019-08-15 16:53:40.730 [main] DEBUG - Instant actions: 2, Durative actions: 0, Combined Instant actions: 2, Variables: 3, Constants: 0, Objects: 2, Initial values: 2, Constraints: 0
2019-08-15 16:53:40.730 [main] DEBUG - Starting Normalising expressions to DNF pre-processor.
2019-08-15 16:53:40.735 [main] INFO  - Finished Normalising expressions to DNF pre-processor. Took 5 ms.
2019-08-15 16:53:40.735 [main] DEBUG - Instant actions: 2, Durative actions: 0, Combined Instant actions: 2, Variables: 3, Constants: 0, Objects: 2, Initial values: 2, Constraints: 0
2019-08-15 16:53:40.735 [main] DEBUG - Starting DisjunctionPreProcessor pre-processor.
2019-08-15 16:53:40.742 [main] INFO  - Finished DisjunctionPreProcessor pre-processor. Took 1 ms.
2019-08-15 16:53:40.745 [main] DEBUG - Instant actions: 2, Durative actions: 0, Combined Instant actions: 2, Variables: 3, Constants: 0, Objects: 2, Initial values: 2, Constraints: 0, Goals: 2
2019-08-15 16:53:40.745 [main] DEBUG - Starting NumericNormalisationPreProcessor pre-processor.
2019-08-15 16:53:40.755 [main] INFO  - Finished NumericNormalisationPreProcessor pre-processor. Took 10 ms.
2019-08-15 16:53:40.755 [main] DEBUG - Instant actions: 2, Durative actions: 0, Combined Instant actions: 2, Variables: 3, Constants: 0, Objects: 2, Initial values: 2, Constraints: 0, Goals: 2
2019-08-15 16:53:40.755 [main] DEBUG - Starting InvariantPreProcessor pre-processor.
2019-08-15 16:53:40.757 [main] INFO  - Finished InvariantPreProcessor pre-processor. Took 2 ms.
2019-08-15 16:53:40.758 [main] DEBUG - Instant actions: 2, Durative actions: 0, Combined Instant actions: 2, Variables: 3, Constants: 0, Objects: 2, Initial values: 2, Constraints: 0, Goals: 2
2019-08-15 16:53:40.758 [main] DEBUG - Starting Timed Action Pre-processor pre-processor.
2019-08-15 16:53:40.766 [main] INFO  - Finished Timed Action Pre-processor pre-processor. Took 2 ms.
2019-08-15 16:53:40.766 [main] DEBUG - Instant actions: 2, Durative actions: 0, Combined Instant actions: 2, Variables: 3, Constants: 0, Objects: 2, Initial values: 2, Constraints: 0, Goals: 2
2019-08-15 16:53:40.766 [main] DEBUG - Starting LiftedMetaDataPreProcessor pre-processor.
2019-08-15 16:53:40.776 [main] INFO  - Finished LiftedMetaDataPreProcessor pre-processor. Took 10 ms.
2019-08-15 16:53:40.776 [main] DEBUG - Instant actions: 2, Durative actions: 0, Combined Instant actions: 2, Variables: 3, Constants: 0, Objects: 2, Initial values: 2, Constraints: 0, Goals: 2
2019-08-15 16:53:40.776 [main] DEBUG - Starting SingleShotActionPreProcessor pre-processor.
2019-08-15 16:53:40.786 [main] INFO  - Finished SingleShotActionPreProcessor pre-processor. Took 10 ms.
2019-08-15 16:53:40.787 [main] DEBUG - Instant actions: 2, Durative actions: 0, Combined Instant actions: 2, Variables: 3, Constants: 0, Objects: 2, Initial values: 2, Constraints: 0, Goals: 2
2019-08-15 16:53:40.787 [main] DEBUG - Starting VariableVolatilityPreProcessor pre-processor.
2019-08-15 16:53:40.790 [main] INFO  - Finished VariableVolatilityPreProcessor pre-processor. Took 3 ms.
2019-08-15 16:53:40.791 [main] DEBUG - Instant actions: 2, Durative actions: 0, Combined Instant actions: 2, Variables: 3, Constants: 0, Objects: 2, Initial values: 2, Constraints: 0, Goals: 2
2019-08-15 16:53:40.791 [main] DEBUG - Starting Grounder pre-processor.
2019-08-15 16:53:40.794 [main] INFO  - Performing static analysis.
2019-08-15 16:53:40.800 [main] INFO  - Finished static analysis.
2019-08-15 16:53:40.801 [main] DEBUG - Grounding problem
2019-08-15 16:53:40.801 [main] DEBUG - Grounding instant actions ...
2019-08-15 16:53:40.822 [ForkJoinPool.commonPool-worker-1] DEBUG - Grounded paint to 2 grounded actions
2019-08-15 16:53:40.857 [main] DEBUG - Grounded mix to 2 grounded actions
2019-08-15 16:53:40.858 [main] DEBUG - Grounded 4 instant actions
2019-08-15 16:53:40.858 [main] DEBUG - Grounding durative actions ...
2019-08-15 16:53:40.859 [main] DEBUG - Grounded 0 durative actions
2019-08-15 16:53:40.861 [main] DEBUG - Constructing new preprocessed domain
2019-08-15 16:53:40.862 [main] DEBUG - Constructing new preprocessed problem
2019-08-15 16:53:40.870 [main] INFO  - Finished Grounder pre-processor. Took 79 ms.
2019-08-15 16:53:40.871 [main] DEBUG - Instant actions: 2, Durative actions: 0, Combined Instant actions: 2, Variables: 3, Constants: 0, Objects: 2, Initial values: 2, Constraints: 0, Goals: 2
2019-08-15 16:53:40.872 [main] DEBUG - Starting Sometimes-constraint compilation pre-processor.
2019-08-15 16:53:40.883 [main] INFO  - Finished Sometimes-constraint compilation pre-processor. Took 11 ms.
2019-08-15 16:53:40.884 [main] DEBUG - Instant actions: 4, Durative actions: 0, Combined Instant actions: 4, Variables: 6, Constants: 0, Objects: 2, Initial values: 2, Constraints: 0, Goals: 2
2019-08-15 16:53:40.885 [main] DEBUG - Starting GroundedMetaDataPreProcessor pre-processor.
2019-08-15 16:53:40.889 [main] INFO  - Finished GroundedMetaDataPreProcessor pre-processor. Took 3 ms.
2019-08-15 16:53:40.889 [main] DEBUG - Instant actions: 4, Durative actions: 0, Combined Instant actions: 4, Variables: 6, Constants: 0, Objects: 2, Initial values: 2, Constraints: 0, Goals: 2
2019-08-15 16:53:40.890 [main] DEBUG - Starting Constant variable elimination pre-processor.
2019-08-15 16:53:40.904 [main] INFO  - Finished Constant variable elimination pre-processor. Took 14 ms.
2019-08-15 16:53:40.905 [main] DEBUG - Instant actions: 4, Durative actions: 0, Combined Instant actions: 4, Variables: 6, Constants: 0, Objects: 2, Initial values: 2, Constraints: 0, Goals: 2
2019-08-15 16:53:40.905 [main] DEBUG - Starting NumericNormalisationPreProcessor pre-processor.
2019-08-15 16:53:40.907 [main] INFO  - Finished NumericNormalisationPreProcessor pre-processor. Took 2 ms.
2019-08-15 16:53:40.907 [main] DEBUG - Instant actions: 4, Durative actions: 0, Combined Instant actions: 4, Variables: 6, Constants: 0, Objects: 2, Initial values: 2, Constraints: 0, Goals: 2
2019-08-15 16:53:40.907 [main] DEBUG - Starting ImplicitConditionPreProcessor pre-processor.
2019-08-15 16:53:40.914 [main] INFO  - Finished ImplicitConditionPreProcessor pre-processor. Took 6 ms.
2019-08-15 16:53:40.914 [main] DEBUG - Instant actions: 4, Durative actions: 0, Combined Instant actions: 4, Variables: 6, Constants: 0, Objects: 2, Initial values: 2, Constraints: 0, Goals: 2
2019-08-15 16:53:40.914 [main] DEBUG - Starting DependencyAnalyserPreProcessor pre-processor.
2019-08-15 16:53:40.923 [main] INFO  - Finished DependencyAnalyserPreProcessor pre-processor. Took 9 ms.
2019-08-15 16:53:40.924 [main] DEBUG - Instant actions: 4, Durative actions: 0, Combined Instant actions: 4, Variables: 6, Constants: 0, Objects: 2, Initial values: 2, Constraints: 0, Goals: 2
2019-08-15 16:53:40.924 [main] DEBUG - Starting Directionality analyzer pre-processor.
2019-08-15 16:53:40.926 [main] INFO  - Metric is monotonic: true
2019-08-15 16:53:40.928 [main] INFO  - Finished Directionality analyzer pre-processor. Took 4 ms.
2019-08-15 16:53:40.928 [main] DEBUG - Instant actions: 4, Durative actions: 0, Combined Instant actions: 4, Variables: 6, Constants: 0, Objects: 2, Initial values: 2, Constraints: 0, Goals: 2
2019-08-15 16:53:40.929 [main] DEBUG - Starting DurationDependentEffectPreProcessor pre-processor.
2019-08-15 16:53:40.929 [main] DEBUG - Analyzing domain hello for continuous effects
2019-08-15 16:53:40.930 [main] DEBUG - Finished analyzing for continuous effects. Took 1ms
2019-08-15 16:53:40.930 [main] INFO  - Finished DurationDependentEffectPreProcessor pre-processor. Took 1 ms.
2019-08-15 16:53:40.930 [main] DEBUG - Instant actions: 4, Durative actions: 0, Combined Instant actions: 4, Variables: 6, Constants: 0, Objects: 2, Initial values: 2, Constraints: 0, Goals: 2
2019-08-15 16:53:40.930 [main] DEBUG - Starting LandmarksAnalyserPreProcessor pre-processor.
2019-08-15 16:53:40.988 [main] DEBUG - Marking problem goals as landmarks.
2019-08-15 16:53:40.989 [main] DEBUG - Analysing Landmarks
2019-08-15 16:53:40.992 [main] DEBUG - Analysed painted room1 : LandmarkFact{fact=(painted room1), initiallySatisfied=false, goal=true, achievers=[(paint room1)], deleters=[()]}
2019-08-15 16:53:40.992 [main] DEBUG - Found 1 achievers and 0 deleters for landmark (painted room1)
2019-08-15 16:53:40.993 [main] DEBUG - Added landmark action achieving painted room1: (LandmarkAction{action=(paint room1), achievedLandmarks=[(painted room1)]})
2019-08-15 16:53:40.994 [main] DEBUG - Analysed painted room2 : LandmarkFact{fact=(painted room2), initiallySatisfied=false, goal=true, achievers=[(paint room2)], deleters=[()]}
2019-08-15 16:53:40.994 [main] DEBUG - Found 1 achievers and 0 deleters for landmark (painted room2)
2019-08-15 16:53:40.994 [main] DEBUG - Added landmark action achieving painted room2: (LandmarkAction{action=(paint room2), achievedLandmarks=[(painted room2)]})
2019-08-15 16:53:40.994 [main] DEBUG - Analysed paintready room1 : LandmarkFact{fact=(paintready room1), initiallySatisfied=false, goal=false, achievers=[(mix room1)], deleters=[()]}
2019-08-15 16:53:40.995 [main] DEBUG - Found 1 achievers and 0 deleters for landmark (paintready room1)
2019-08-15 16:53:40.995 [main] DEBUG - Added landmark action achieving paintready room1: (LandmarkAction{action=(mix room1), achievedLandmarks=[(paintready room1)]})
2019-08-15 16:53:40.995 [main] DEBUG - Analysed NOT(painted room1) : LandmarkFact{fact=(NOT(painted room1)), initiallySatisfied=true, goal=false, achievers=[()], deleters=[(paint room1)]}
2019-08-15 16:53:40.995 [main] DEBUG - Found 0 achievers for landmark NOT(painted room1), but it is true in initial state.
2019-08-15 16:53:40.995 [main] DEBUG - Analysed paintready room2 : LandmarkFact{fact=(paintready room2), initiallySatisfied=false, goal=false, achievers=[(mix room2)], deleters=[()]}
2019-08-15 16:53:40.995 [main] DEBUG - Found 1 achievers and 0 deleters for landmark (paintready room2)
2019-08-15 16:53:40.996 [main] DEBUG - Added landmark action achieving paintready room2: (LandmarkAction{action=(mix room2), achievedLandmarks=[(paintready room2)]})
2019-08-15 16:53:40.996 [main] DEBUG - Analysed NOT(painted room2) : LandmarkFact{fact=(NOT(painted room2)), initiallySatisfied=true, goal=false, achievers=[()], deleters=[(paint room2)]}
2019-08-15 16:53:40.996 [main] DEBUG - Found 0 achievers for landmark NOT(painted room2), but it is true in initial state.
2019-08-15 16:53:40.996 [main] DEBUG - Analysed NOT(paintready room1) : LandmarkFact{fact=(NOT(paintready room1)), initiallySatisfied=true, goal=false, achievers=[()], deleters=[(mix room1)]}
2019-08-15 16:53:40.996 [main] DEBUG - Found 0 achievers for landmark NOT(paintready room1), but it is true in initial state.
2019-08-15 16:53:40.996 [main] DEBUG - Analysed NOT(paintready room2) : LandmarkFact{fact=(NOT(paintready room2)), initiallySatisfied=true, goal=false, achievers=[()], deleters=[(mix room2)]}
2019-08-15 16:53:40.996 [main] DEBUG - Found 0 achievers for landmark NOT(paintready room2), but it is true in initial state.
2019-08-15 16:53:40.996 [main] INFO  - Identified 8 landmark facts and 4 landmark actions.
2019-08-15 16:53:40.997 [main] INFO  - Finished LandmarksAnalyserPreProcessor pre-processor. Took 66 ms.
2019-08-15 16:53:40.997 [main] DEBUG - Instant actions: 4, Durative actions: 0, Combined Instant actions: 4, Variables: 6, Constants: 0, Objects: 2, Initial values: 2, Constraints: 0, Goals: 2
2019-08-15 16:53:41.013 [main] INFO  - Initialised search for domain 'hello' with problem 'hello-world'
2019-08-15 16:53:41.013 [main] INFO  - Searching hello hello-world using Enforced Hill Climbing
2019-08-15 16:53:41.015 [main] DEBUG - Initial state variable (after external constraint solver): available room1, available room2
2019-08-15 16:53:41.106 [main] INFO  - Initial Heuristic: 4, 0.0020
2019-08-15 16:53:41.158 [main] DEBUG - Memoiser statistics: 
2019-08-15 16:53:41.158 [main] INFO  - Found plan for C:\Users\SonOf\AppData\Local\Temp\domain-12712h7J5eeMYxrV2.pddl C:\Users\SonOf\AppData\Local\Temp\problem-127129AINvsgNYnEi.pddl
2019-08-15 16:53:41.160 [main] DEBUG - Beginning to extract plan tasks...
2019-08-15 16:53:41.164 [main] DEBUG - Tightened STN from the initial state transition
2019-08-15 16:53:41.166 [main] DEBUG - Done extracting durativeHappenings
2019-08-15 16:53:41.169 [main] DEBUG - Updated start constraints
2019-08-15 16:53:41.170 [main] DEBUG - Done extracting plan tasks.
2019-08-15 16:53:41.177 [main] DEBUG - Printed plan for C:\Users\SonOf\AppData\Local\Temp\domain-12712h7J5eeMYxrV2.pddl C:\Users\SonOf\AppData\Local\Temp\problem-127129AINvsgNYnEi.pddl
2019-08-15 16:53:41.177 [main] INFO  - 
Printing plan for this domain and problem:
Domain: hello
Problem: hello-world
Plan was found:
Metric: 0.00200000
0.0010: (mix room1)
0.0010: (mix room2)
0.0020: (paint room1)
0.0020: (paint room2)
End of plan print-out.
Makespan: 0.0020
States evaluated: 4
Memory used (MB): 37
Time needed (sec): 0.144000

2019-08-15 16:53:41.177 [main] INFO  - Reached the plan count limit 1
2019-08-15 16:53:41.178 [main] INFO  - Time spent in overheads related to creating LPs (ms): LongSummaryStatistics{count=0, sum=0, min=9223372036854775807, average=0.000000, max=-9223372036854775808}
2019-08-15 16:53:41.178 [main] INFO  - Time spent in solving LPs (ms): LongSummaryStatistics{count=0, sum=0, min=9223372036854775807, average=0.000000, max=-9223372036854775808}
2019-08-15 16:53:41.178 [main] INFO  - Unique double values generated 5, searched values 22 times
2019-08-15 16:53:41.178 [main] INFO  - Time spent computing incremental numeric achievers LongSummaryStatistics{count=7, sum=0, min=0, average=0.000000, max=0}
2019-08-15 16:53:41.178 [main] INFO  - Time spent computing previous state numeric fact evaluation LongSummaryStatistics{count=0, sum=0, min=9223372036854775807, average=0.000000, max=-9223372036854775808}
2019-08-15 16:53:41.178 [main] INFO  - Time spent computing new state numeric state application LongSummaryStatistics{count=0, sum=0, min=9223372036854775807, average=0.000000, max=-9223372036854775808}
2019-08-15 16:53:41.178 [main] INFO  - Time spent computing landmark analysis in TRPG LongSummaryStatistics{count=0, sum=0, min=9223372036854775807, average=0.000000, max=-9223372036854775808}
2019-08-15 16:53:41.180 [main] INFO  - Time spent in k-shot analysis LongSummaryStatistics{count=0, sum=0, min=9223372036854775807, average=0.000000, max=-9223372036854775808}
2019-08-15 16:53:41.180 [main] INFO  - Finished with C:\Users\SonOf\AppData\Local\Temp\domain-12712h7J5eeMYxrV2.pddl C:\Users\SonOf\AppData\Local\Temp\problem-127129AINvsgNYnEi.pddl
2019-08-15 16:59:39.453 [main] DEBUG - Java version: 1.8.0_221
2019-08-15 16:59:39.454 [main] DEBUG - PddlPlannerConfig(C:\Users\SonOf\AppData\Local\Temp\domain-12712A5jW3JPgv4yX.pddl,C:\Users\SonOf\AppData\Local\Temp\problem-127125r3iMR8gzcSs.pddl,false,0,1,NaN,0.0,0.001,,UNSPECIFIED,UNSPECIFIED,false,false,false,Default,,false,false,false,false,false,false,false,RPOnly,MAX,,,TASKS,,,,HOUR)
2019-08-15 16:59:39.701 [main] INFO  - Planning domain hello problem hello-world with epsilon 0.001
2019-08-15 16:59:39.702 [main] DEBUG - Transforming problem hello-world with hello to Engine model
2019-08-15 16:59:39.744 [main] DEBUG - Transforming domain hello to the Engine model
2019-08-15 16:59:39.748 [main] DEBUG - Found 4 types
2019-08-15 16:59:39.750 [main] DEBUG - Found 0 objects
2019-08-15 16:59:39.751 [main] DEBUG - Found 4 predicate (boolean) variables
2019-08-15 16:59:39.779 [main] DEBUG - Found 0 numeric fluent (double) variables
2019-08-15 16:59:39.781 [main] DEBUG - Found 0 derived boolean variables
2019-08-15 16:59:39.782 [main] DEBUG - Found 0 derived numeric variables
2019-08-15 16:59:39.863 [main] ERROR - Error: 
com.slb.aiplanning.pddl.transformers.UndefinedPredicateException: Undefined predicate (ready ?t - room)
	at com.slb.aiplanning.pddl.transformers.PddlToEngineTransformer.getVariableForPredicate(PddlToEngineTransformer.scala:739)
	at com.slb.aiplanning.pddl.transformers.PddlToEngineTransformer.bindActionProposition(PddlToEngineTransformer.scala:641)
	at com.slb.aiplanning.pddl.transformers.PddlToEngineTransformer.$anonfun$generateAction$2(PddlToEngineTransformer.scala:147)
	at com.slb.aiplanning.pddl.transformers.PddlToEngineTransformer.toNode(PddlToEngineTransformer.scala:309)
	at com.slb.aiplanning.pddl.transformers.PddlToEngineTransformer.$anonfun$toNode$1(PddlToEngineTransformer.scala:313)
	at scala.collection.TraversableLike.$anonfun$map$1(TraversableLike.scala:237)
	at scala.collection.immutable.Set$Set3.foreach(Set.scala:169)
	at scala.collection.TraversableLike.map(TraversableLike.scala:237)
	at scala.collection.TraversableLike.map$(TraversableLike.scala:230)
	at scala.collection.AbstractSet.scala$collection$SetLike$$super$map(Set.scala:51)
	at scala.collection.SetLike.map(SetLike.scala:104)
	at scala.collection.SetLike.map$(SetLike.scala:104)
	at scala.collection.AbstractSet.map(Set.scala:51)
	at com.slb.aiplanning.pddl.transformers.PddlToEngineTransformer.toNode(PddlToEngineTransformer.scala:313)
	at com.slb.aiplanning.pddl.transformers.PddlToEngineTransformer.setPrecondition(PddlToEngineTransformer.scala:165)
	at com.slb.aiplanning.pddl.transformers.PddlToEngineTransformer.$anonfun$generateAction$4(PddlToEngineTransformer.scala:150)
	at com.slb.aiplanning.pddl.transformers.PddlToEngineTransformer.$anonfun$generateAction$4$adapted(PddlToEngineTransformer.scala:150)
	at scala.Option.foreach(Option.scala:274)
	at com.slb.aiplanning.pddl.transformers.PddlToEngineTransformer.generateAction(PddlToEngineTransformer.scala:150)
	at com.slb.aiplanning.pddl.transformers.PddlToEngineTransformer.$anonfun$actions$1(PddlToEngineTransformer.scala:62)
	at scala.collection.TraversableLike.$anonfun$map$1(TraversableLike.scala:237)
	at scala.collection.immutable.Set$Set2.foreach(Set.scala:132)
	at scala.collection.TraversableLike.map(TraversableLike.scala:237)
	at scala.collection.TraversableLike.map$(TraversableLike.scala:230)
	at scala.collection.AbstractSet.scala$collection$SetLike$$super$map(Set.scala:51)
	at scala.collection.SetLike.map(SetLike.scala:104)
	at scala.collection.SetLike.map$(SetLike.scala:104)
	at scala.collection.AbstractSet.map(Set.scala:51)
	at com.slb.aiplanning.pddl.transformers.PddlToEngineTransformer.<init>(PddlToEngineTransformer.scala:62)
	at com.slb.aiplanning.pddl.transformers.PddlToEngineTransformer$.transform(PddlToEngineTransformer.scala:1084)
	at com.slb.aiplanning.pddl.PddlFileProcessor$.process(PddlFileProcessor.scala:61)
	at com.slb.aiplanning.pddl.PddlPlanner$.main(PddlPlanner.scala:191)
	at com.slb.aiplanning.pddl.PddlPlanner.main(PddlPlanner.scala)
2019-08-15 17:02:47.472 [main] DEBUG - Java version: 1.8.0_221
2019-08-15 17:02:47.474 [main] DEBUG - PddlPlannerConfig(C:\Users\SonOf\AppData\Local\Temp\domain-12712xDj13K0cE0za.pddl,C:\Users\SonOf\AppData\Local\Temp\problem-12712Lig8I2Avwy2z.pddl,false,0,1,NaN,0.0,0.001,,UNSPECIFIED,UNSPECIFIED,false,false,false,Default,,false,false,false,false,false,false,false,RPOnly,MAX,,,TASKS,,,,HOUR)
2019-08-15 17:02:47.720 [main] INFO  - Planning domain hello problem hello-world with epsilon 0.001
2019-08-15 17:02:47.721 [main] DEBUG - Transforming problem hello-world with hello to Engine model
2019-08-15 17:02:47.765 [main] DEBUG - Transforming domain hello to the Engine model
2019-08-15 17:02:47.769 [main] DEBUG - Found 4 types
2019-08-15 17:02:47.771 [main] DEBUG - Found 0 objects
2019-08-15 17:02:47.772 [main] DEBUG - Found 4 predicate (boolean) variables
2019-08-15 17:02:47.801 [main] DEBUG - Found 0 numeric fluent (double) variables
2019-08-15 17:02:47.803 [main] DEBUG - Found 0 derived boolean variables
2019-08-15 17:02:47.804 [main] DEBUG - Found 0 derived numeric variables
2019-08-15 17:02:47.877 [main] DEBUG - Transforming problem hello-world to the Engine model
2019-08-15 17:02:47.878 [main] DEBUG - Found 3 objects
2019-08-15 17:02:47.904 [main] INFO  - Setting LP running continuous effect extrapolation to MAX
2019-08-15 17:02:48.213 [main] DEBUG - Using Partial Order Scheduling
2019-08-15 17:02:48.213 [main] INFO  - Ordering state queue by UNSPECIFIED
2019-08-15 17:02:48.260 [main] INFO  - Using Skip to Relevant Layer Relaxed Plan Extraction mode.
2019-08-15 17:02:48.260 [main] INFO  - Using only helpful actions that appear in the relaxed plan.
2019-08-15 17:02:48.265 [main] DEBUG - Using Static Analysis Grounder
2019-08-15 17:02:48.265 [main] INFO  - Setting Stopping criteria to search for up to 1 plans.
2019-08-15 17:02:48.286 [main] INFO  - Starting to plan...
2019-08-15 17:02:48.301 [main] DEBUG - Instant actions: 2, Durative actions: 0, Combined Instant actions: 2, Variables: 4, Constants: 0, Objects: 3, Initial values: 2, Constraints: 0
2019-08-15 17:02:48.303 [main] DEBUG - Starting Calculated variable compilation pre-processor.
2019-08-15 17:02:48.311 [main] INFO  - Finished Calculated variable compilation pre-processor. Took 6 ms.
2019-08-15 17:02:48.311 [main] DEBUG - Instant actions: 2, Durative actions: 0, Combined Instant actions: 2, Variables: 4, Constants: 0, Objects: 3, Initial values: 2, Constraints: 0
2019-08-15 17:02:48.312 [main] DEBUG - Starting ForAll conditions and effects pre-processor.
2019-08-15 17:02:48.318 [main] INFO  - Finished ForAll conditions and effects pre-processor. Took 6 ms.
2019-08-15 17:02:48.318 [main] DEBUG - Instant actions: 2, Durative actions: 0, Combined Instant actions: 2, Variables: 4, Constants: 0, Objects: 3, Initial values: 2, Constraints: 0
2019-08-15 17:02:48.318 [main] DEBUG - Starting Normalising expressions to DNF pre-processor.
2019-08-15 17:02:48.323 [main] INFO  - Finished Normalising expressions to DNF pre-processor. Took 5 ms.
2019-08-15 17:02:48.323 [main] DEBUG - Instant actions: 2, Durative actions: 0, Combined Instant actions: 2, Variables: 4, Constants: 0, Objects: 3, Initial values: 2, Constraints: 0
2019-08-15 17:02:48.324 [main] DEBUG - Starting DisjunctionPreProcessor pre-processor.
2019-08-15 17:02:48.327 [main] INFO  - Finished DisjunctionPreProcessor pre-processor. Took 2 ms.
2019-08-15 17:02:48.330 [main] DEBUG - Instant actions: 2, Durative actions: 0, Combined Instant actions: 2, Variables: 4, Constants: 0, Objects: 3, Initial values: 2, Constraints: 0, Goals: 2
2019-08-15 17:02:48.330 [main] DEBUG - Starting NumericNormalisationPreProcessor pre-processor.
2019-08-15 17:02:48.340 [main] INFO  - Finished NumericNormalisationPreProcessor pre-processor. Took 10 ms.
2019-08-15 17:02:48.340 [main] DEBUG - Instant actions: 2, Durative actions: 0, Combined Instant actions: 2, Variables: 4, Constants: 0, Objects: 3, Initial values: 2, Constraints: 0, Goals: 2
2019-08-15 17:02:48.341 [main] DEBUG - Starting InvariantPreProcessor pre-processor.
2019-08-15 17:02:48.344 [main] INFO  - Finished InvariantPreProcessor pre-processor. Took 3 ms.
2019-08-15 17:02:48.345 [main] DEBUG - Instant actions: 2, Durative actions: 0, Combined Instant actions: 2, Variables: 4, Constants: 0, Objects: 3, Initial values: 2, Constraints: 0, Goals: 2
2019-08-15 17:02:48.345 [main] DEBUG - Starting Timed Action Pre-processor pre-processor.
2019-08-15 17:02:48.353 [main] INFO  - Finished Timed Action Pre-processor pre-processor. Took 2 ms.
2019-08-15 17:02:48.353 [main] DEBUG - Instant actions: 2, Durative actions: 0, Combined Instant actions: 2, Variables: 4, Constants: 0, Objects: 3, Initial values: 2, Constraints: 0, Goals: 2
2019-08-15 17:02:48.353 [main] DEBUG - Starting LiftedMetaDataPreProcessor pre-processor.
2019-08-15 17:02:48.364 [main] INFO  - Finished LiftedMetaDataPreProcessor pre-processor. Took 11 ms.
2019-08-15 17:02:48.364 [main] DEBUG - Instant actions: 2, Durative actions: 0, Combined Instant actions: 2, Variables: 4, Constants: 0, Objects: 3, Initial values: 2, Constraints: 0, Goals: 2
2019-08-15 17:02:48.364 [main] DEBUG - Starting SingleShotActionPreProcessor pre-processor.
2019-08-15 17:02:48.373 [main] INFO  - Finished SingleShotActionPreProcessor pre-processor. Took 9 ms.
2019-08-15 17:02:48.374 [main] DEBUG - Instant actions: 2, Durative actions: 0, Combined Instant actions: 2, Variables: 4, Constants: 0, Objects: 3, Initial values: 2, Constraints: 0, Goals: 2
2019-08-15 17:02:48.375 [main] DEBUG - Starting VariableVolatilityPreProcessor pre-processor.
2019-08-15 17:02:48.381 [main] INFO  - Finished VariableVolatilityPreProcessor pre-processor. Took 5 ms.
2019-08-15 17:02:48.382 [main] DEBUG - Instant actions: 2, Durative actions: 0, Combined Instant actions: 2, Variables: 4, Constants: 0, Objects: 3, Initial values: 2, Constraints: 0, Goals: 2
2019-08-15 17:02:48.382 [main] DEBUG - Starting Grounder pre-processor.
2019-08-15 17:02:48.385 [main] INFO  - Performing static analysis.
2019-08-15 17:02:48.390 [main] INFO  - Finished static analysis.
2019-08-15 17:02:48.391 [main] DEBUG - Grounding problem
2019-08-15 17:02:48.391 [main] DEBUG - Grounding instant actions ...
2019-08-15 17:02:48.416 [ForkJoinPool.commonPool-worker-1] DEBUG - Grounded paint to 2 grounded actions
2019-08-15 17:02:48.431 [main] DEBUG - Grounded mix to 0 grounded actions
2019-08-15 17:02:48.432 [main] DEBUG - Grounded 2 instant actions
2019-08-15 17:02:48.432 [main] DEBUG - Grounding durative actions ...
2019-08-15 17:02:48.433 [main] DEBUG - Grounded 0 durative actions
2019-08-15 17:02:48.435 [main] DEBUG - Constructing new preprocessed domain
2019-08-15 17:02:48.436 [main] DEBUG - Constructing new preprocessed problem
2019-08-15 17:02:48.457 [main] INFO  - Finished Grounder pre-processor. Took 75 ms.
2019-08-15 17:02:48.457 [main] DEBUG - Instant actions: 2, Durative actions: 0, Combined Instant actions: 2, Variables: 4, Constants: 0, Objects: 3, Initial values: 2, Constraints: 0, Goals: 2
2019-08-15 17:02:48.457 [main] DEBUG - Starting Sometimes-constraint compilation pre-processor.
2019-08-15 17:02:48.460 [main] INFO  - Finished Sometimes-constraint compilation pre-processor. Took 3 ms.
2019-08-15 17:02:48.461 [main] DEBUG - Instant actions: 2, Durative actions: 0, Combined Instant actions: 2, Variables: 6, Constants: 0, Objects: 3, Initial values: 2, Constraints: 0, Goals: 2
2019-08-15 17:02:48.461 [main] DEBUG - Starting GroundedMetaDataPreProcessor pre-processor.
2019-08-15 17:02:48.462 [main] INFO  - Finished GroundedMetaDataPreProcessor pre-processor. Took 1 ms.
2019-08-15 17:02:48.462 [main] DEBUG - Instant actions: 2, Durative actions: 0, Combined Instant actions: 2, Variables: 6, Constants: 0, Objects: 3, Initial values: 2, Constraints: 0, Goals: 2
2019-08-15 17:02:48.462 [main] DEBUG - Starting Constant variable elimination pre-processor.
2019-08-15 17:02:48.467 [main] INFO  - Finished Constant variable elimination pre-processor. Took 5 ms.
2019-08-15 17:02:48.467 [main] DEBUG - Instant actions: 2, Durative actions: 0, Combined Instant actions: 2, Variables: 6, Constants: 0, Objects: 3, Initial values: 2, Constraints: 0, Goals: 2
2019-08-15 17:02:48.467 [main] DEBUG - Starting NumericNormalisationPreProcessor pre-processor.
2019-08-15 17:02:48.468 [main] INFO  - Finished NumericNormalisationPreProcessor pre-processor. Took 1 ms.
2019-08-15 17:02:48.468 [main] DEBUG - Instant actions: 2, Durative actions: 0, Combined Instant actions: 2, Variables: 6, Constants: 0, Objects: 3, Initial values: 2, Constraints: 0, Goals: 2
2019-08-15 17:02:48.468 [main] DEBUG - Starting ImplicitConditionPreProcessor pre-processor.
2019-08-15 17:02:48.471 [main] INFO  - Finished ImplicitConditionPreProcessor pre-processor. Took 2 ms.
2019-08-15 17:02:48.472 [main] DEBUG - Instant actions: 2, Durative actions: 0, Combined Instant actions: 2, Variables: 6, Constants: 0, Objects: 3, Initial values: 2, Constraints: 0, Goals: 2
2019-08-15 17:02:48.472 [main] DEBUG - Starting DependencyAnalyserPreProcessor pre-processor.
2019-08-15 17:02:48.480 [main] INFO  - Finished DependencyAnalyserPreProcessor pre-processor. Took 8 ms.
2019-08-15 17:02:48.480 [main] DEBUG - Instant actions: 2, Durative actions: 0, Combined Instant actions: 2, Variables: 6, Constants: 0, Objects: 3, Initial values: 2, Constraints: 0, Goals: 2
2019-08-15 17:02:48.481 [main] DEBUG - Starting Directionality analyzer pre-processor.
2019-08-15 17:02:48.482 [main] INFO  - Metric is monotonic: true
2019-08-15 17:02:48.483 [main] INFO  - Finished Directionality analyzer pre-processor. Took 2 ms.
2019-08-15 17:02:48.484 [main] DEBUG - Instant actions: 2, Durative actions: 0, Combined Instant actions: 2, Variables: 6, Constants: 0, Objects: 3, Initial values: 2, Constraints: 0, Goals: 2
2019-08-15 17:02:48.484 [main] DEBUG - Starting DurationDependentEffectPreProcessor pre-processor.
2019-08-15 17:02:48.485 [main] DEBUG - Analyzing domain hello for continuous effects
2019-08-15 17:02:48.485 [main] DEBUG - Finished analyzing for continuous effects. Took 0ms
2019-08-15 17:02:48.485 [main] INFO  - Finished DurationDependentEffectPreProcessor pre-processor. Took 1 ms.
2019-08-15 17:02:48.486 [main] DEBUG - Instant actions: 2, Durative actions: 0, Combined Instant actions: 2, Variables: 6, Constants: 0, Objects: 3, Initial values: 2, Constraints: 0, Goals: 2
2019-08-15 17:02:48.486 [main] DEBUG - Starting LandmarksAnalyserPreProcessor pre-processor.
2019-08-15 17:02:48.523 [main] DEBUG - Marking problem goals as landmarks.
2019-08-15 17:02:48.526 [main] DEBUG - Analysing Landmarks
2019-08-15 17:02:48.531 [main] DEBUG - Analysed painted room1 : LandmarkFact{fact=(painted room1), initiallySatisfied=false, goal=true, achievers=[(paint room1)], deleters=[()]}
2019-08-15 17:02:48.532 [main] DEBUG - Found 1 achievers and 0 deleters for landmark (painted room1)
2019-08-15 17:02:48.533 [main] DEBUG - Added landmark action achieving painted room1: (LandmarkAction{action=(paint room1), achievedLandmarks=[(painted room1)]})
2019-08-15 17:02:48.533 [main] DEBUG - Analysed painted room2 : LandmarkFact{fact=(painted room2), initiallySatisfied=false, goal=true, achievers=[(paint room2)], deleters=[()]}
2019-08-15 17:02:48.534 [main] DEBUG - Found 1 achievers and 0 deleters for landmark (painted room2)
2019-08-15 17:02:48.534 [main] DEBUG - Added landmark action achieving painted room2: (LandmarkAction{action=(paint room2), achievedLandmarks=[(painted room2)]})
2019-08-15 17:02:48.534 [main] DEBUG - Analysed paintready room1 : LandmarkFact{fact=(paintready room1), initiallySatisfied=false, goal=false, achievers=[()], deleters=[()]}
2019-08-15 17:02:48.534 [main] WARN  - Found 0 achievers for landmark paintready room1, and it is not true in initial state!
2019-08-15 17:02:48.534 [main] DEBUG - Analysed NOT(painted room1) : LandmarkFact{fact=(NOT(painted room1)), initiallySatisfied=true, goal=false, achievers=[()], deleters=[(paint room1)]}
2019-08-15 17:02:48.534 [main] DEBUG - Found 0 achievers for landmark NOT(painted room1), but it is true in initial state.
2019-08-15 17:02:48.534 [main] DEBUG - Analysed paintready room2 : LandmarkFact{fact=(paintready room2), initiallySatisfied=false, goal=false, achievers=[()], deleters=[()]}
2019-08-15 17:02:48.534 [main] WARN  - Found 0 achievers for landmark paintready room2, and it is not true in initial state!
2019-08-15 17:02:48.535 [main] DEBUG - Analysed NOT(painted room2) : LandmarkFact{fact=(NOT(painted room2)), initiallySatisfied=true, goal=false, achievers=[()], deleters=[(paint room2)]}
2019-08-15 17:02:48.535 [main] DEBUG - Found 0 achievers for landmark NOT(painted room2), but it is true in initial state.
2019-08-15 17:02:48.535 [main] INFO  - Identified 6 landmark facts and 2 landmark actions.
2019-08-15 17:02:48.535 [main] INFO  - Finished LandmarksAnalyserPreProcessor pre-processor. Took 49 ms.
2019-08-15 17:02:48.535 [main] DEBUG - Instant actions: 2, Durative actions: 0, Combined Instant actions: 2, Variables: 6, Constants: 0, Objects: 3, Initial values: 2, Constraints: 0, Goals: 2
2019-08-15 17:02:48.553 [main] INFO  - Initialised search for domain 'hello' with problem 'hello-world'
2019-08-15 17:02:48.553 [main] INFO  - Searching hello hello-world using Enforced Hill Climbing
2019-08-15 17:02:48.555 [main] DEBUG - Initial state variable (after external constraint solver): available room1, available room2
2019-08-15 17:02:48.599 [main] INFO  - Initial Heuristic: Goal Unreachable
2019-08-15 17:02:48.601 [main] INFO  - Unreachable Goal: painted room1
2019-08-15 17:02:48.602 [main] INFO  - Unreachable Goal: painted room2
2019-08-15 17:02:48.602 [main] INFO  - No plan found.
2019-08-15 17:02:48.602 [main] INFO  - Finished with C:\Users\SonOf\AppData\Local\Temp\domain-12712xDj13K0cE0za.pddl C:\Users\SonOf\AppData\Local\Temp\problem-12712Lig8I2Avwy2z.pddl
2019-08-15 17:03:29.432 [main] DEBUG - Java version: 1.8.0_221
2019-08-15 17:03:29.434 [main] DEBUG - PddlPlannerConfig(C:\Users\SonOf\AppData\Local\Temp\domain-12712np0jebuuDoxp.pddl,C:\Users\SonOf\AppData\Local\Temp\problem-1271229b7wBSPbM5s.pddl,false,0,1,NaN,0.0,0.001,,UNSPECIFIED,UNSPECIFIED,false,false,false,Default,,false,false,false,false,false,false,false,RPOnly,MAX,,,TASKS,,,,HOUR)
2019-08-15 17:03:29.673 [main] INFO  - Planning domain hello problem hello-world with epsilon 0.001
2019-08-15 17:03:29.675 [main] DEBUG - Transforming problem hello-world with hello to Engine model
2019-08-15 17:03:29.716 [main] DEBUG - Transforming domain hello to the Engine model
2019-08-15 17:03:29.720 [main] DEBUG - Found 4 types
2019-08-15 17:03:29.722 [main] DEBUG - Found 0 objects
2019-08-15 17:03:29.723 [main] DEBUG - Found 4 predicate (boolean) variables
2019-08-15 17:03:29.752 [main] DEBUG - Found 0 numeric fluent (double) variables
2019-08-15 17:03:29.754 [main] DEBUG - Found 0 derived boolean variables
2019-08-15 17:03:29.755 [main] DEBUG - Found 0 derived numeric variables
2019-08-15 17:03:29.823 [main] DEBUG - Transforming problem hello-world to the Engine model
2019-08-15 17:03:29.823 [main] DEBUG - Found 3 objects
2019-08-15 17:03:29.852 [main] INFO  - Setting LP running continuous effect extrapolation to MAX
2019-08-15 17:03:30.079 [main] DEBUG - Using Partial Order Scheduling
2019-08-15 17:03:30.079 [main] INFO  - Ordering state queue by UNSPECIFIED
2019-08-15 17:03:30.090 [main] INFO  - Using Skip to Relevant Layer Relaxed Plan Extraction mode.
2019-08-15 17:03:30.090 [main] INFO  - Using only helpful actions that appear in the relaxed plan.
2019-08-15 17:03:30.096 [main] DEBUG - Using Static Analysis Grounder
2019-08-15 17:03:30.096 [main] INFO  - Setting Stopping criteria to search for up to 1 plans.
2019-08-15 17:03:30.110 [main] INFO  - Starting to plan...
2019-08-15 17:03:30.125 [main] DEBUG - Instant actions: 2, Durative actions: 0, Combined Instant actions: 2, Variables: 4, Constants: 0, Objects: 3, Initial values: 3, Constraints: 0
2019-08-15 17:03:30.128 [main] DEBUG - Starting Calculated variable compilation pre-processor.
2019-08-15 17:03:30.134 [main] INFO  - Finished Calculated variable compilation pre-processor. Took 4 ms.
2019-08-15 17:03:30.134 [main] DEBUG - Instant actions: 2, Durative actions: 0, Combined Instant actions: 2, Variables: 4, Constants: 0, Objects: 3, Initial values: 3, Constraints: 0
2019-08-15 17:03:30.135 [main] DEBUG - Starting ForAll conditions and effects pre-processor.
2019-08-15 17:03:30.140 [main] INFO  - Finished ForAll conditions and effects pre-processor. Took 5 ms.
2019-08-15 17:03:30.140 [main] DEBUG - Instant actions: 2, Durative actions: 0, Combined Instant actions: 2, Variables: 4, Constants: 0, Objects: 3, Initial values: 3, Constraints: 0
2019-08-15 17:03:30.141 [main] DEBUG - Starting Normalising expressions to DNF pre-processor.
2019-08-15 17:03:30.146 [main] INFO  - Finished Normalising expressions to DNF pre-processor. Took 5 ms.
2019-08-15 17:03:30.147 [main] DEBUG - Instant actions: 2, Durative actions: 0, Combined Instant actions: 2, Variables: 4, Constants: 0, Objects: 3, Initial values: 3, Constraints: 0
2019-08-15 17:03:30.147 [main] DEBUG - Starting DisjunctionPreProcessor pre-processor.
2019-08-15 17:03:30.150 [main] INFO  - Finished DisjunctionPreProcessor pre-processor. Took 2 ms.
2019-08-15 17:03:30.152 [main] DEBUG - Instant actions: 2, Durative actions: 0, Combined Instant actions: 2, Variables: 4, Constants: 0, Objects: 3, Initial values: 3, Constraints: 0, Goals: 2
2019-08-15 17:03:30.152 [main] DEBUG - Starting NumericNormalisationPreProcessor pre-processor.
2019-08-15 17:03:30.161 [main] INFO  - Finished NumericNormalisationPreProcessor pre-processor. Took 9 ms.
2019-08-15 17:03:30.162 [main] DEBUG - Instant actions: 2, Durative actions: 0, Combined Instant actions: 2, Variables: 4, Constants: 0, Objects: 3, Initial values: 3, Constraints: 0, Goals: 2
2019-08-15 17:03:30.162 [main] DEBUG - Starting InvariantPreProcessor pre-processor.
2019-08-15 17:03:30.164 [main] INFO  - Finished InvariantPreProcessor pre-processor. Took 2 ms.
2019-08-15 17:03:30.164 [main] DEBUG - Instant actions: 2, Durative actions: 0, Combined Instant actions: 2, Variables: 4, Constants: 0, Objects: 3, Initial values: 3, Constraints: 0, Goals: 2
2019-08-15 17:03:30.165 [main] DEBUG - Starting Timed Action Pre-processor pre-processor.
2019-08-15 17:03:30.167 [main] INFO  - Finished Timed Action Pre-processor pre-processor. Took 2 ms.
2019-08-15 17:03:30.167 [main] DEBUG - Instant actions: 2, Durative actions: 0, Combined Instant actions: 2, Variables: 4, Constants: 0, Objects: 3, Initial values: 3, Constraints: 0, Goals: 2
2019-08-15 17:03:30.167 [main] DEBUG - Starting LiftedMetaDataPreProcessor pre-processor.
2019-08-15 17:03:30.174 [main] INFO  - Finished LiftedMetaDataPreProcessor pre-processor. Took 7 ms.
2019-08-15 17:03:30.174 [main] DEBUG - Instant actions: 2, Durative actions: 0, Combined Instant actions: 2, Variables: 4, Constants: 0, Objects: 3, Initial values: 3, Constraints: 0, Goals: 2
2019-08-15 17:03:30.174 [main] DEBUG - Starting SingleShotActionPreProcessor pre-processor.
2019-08-15 17:03:30.183 [main] INFO  - Finished SingleShotActionPreProcessor pre-processor. Took 9 ms.
2019-08-15 17:03:30.183 [main] DEBUG - Instant actions: 2, Durative actions: 0, Combined Instant actions: 2, Variables: 4, Constants: 0, Objects: 3, Initial values: 3, Constraints: 0, Goals: 2
2019-08-15 17:03:30.184 [main] DEBUG - Starting VariableVolatilityPreProcessor pre-processor.
2019-08-15 17:03:30.187 [main] INFO  - Finished VariableVolatilityPreProcessor pre-processor. Took 3 ms.
2019-08-15 17:03:30.187 [main] DEBUG - Instant actions: 2, Durative actions: 0, Combined Instant actions: 2, Variables: 4, Constants: 0, Objects: 3, Initial values: 3, Constraints: 0, Goals: 2
2019-08-15 17:03:30.187 [main] DEBUG - Starting Grounder pre-processor.
2019-08-15 17:03:30.189 [main] INFO  - Performing static analysis.
2019-08-15 17:03:30.196 [main] INFO  - Finished static analysis.
2019-08-15 17:03:30.196 [main] DEBUG - Grounding problem
2019-08-15 17:03:30.196 [main] DEBUG - Grounding instant actions ...
2019-08-15 17:03:30.219 [ForkJoinPool.commonPool-worker-1] DEBUG - Grounded paint to 2 grounded actions
2019-08-15 17:03:30.235 [main] DEBUG - Grounded mix to 2 grounded actions
2019-08-15 17:03:30.236 [main] DEBUG - Grounded 4 instant actions
2019-08-15 17:03:30.236 [main] DEBUG - Grounding durative actions ...
2019-08-15 17:03:30.237 [main] DEBUG - Grounded 0 durative actions
2019-08-15 17:03:30.238 [main] DEBUG - Constructing new preprocessed domain
2019-08-15 17:03:30.239 [main] DEBUG - Constructing new preprocessed problem
2019-08-15 17:03:30.241 [main] INFO  - Finished Grounder pre-processor. Took 54 ms.
2019-08-15 17:03:30.242 [main] DEBUG - Instant actions: 2, Durative actions: 0, Combined Instant actions: 2, Variables: 4, Constants: 0, Objects: 3, Initial values: 3, Constraints: 0, Goals: 2
2019-08-15 17:03:30.242 [main] DEBUG - Starting Sometimes-constraint compilation pre-processor.
2019-08-15 17:03:30.245 [main] INFO  - Finished Sometimes-constraint compilation pre-processor. Took 3 ms.
2019-08-15 17:03:30.245 [main] DEBUG - Instant actions: 4, Durative actions: 0, Combined Instant actions: 4, Variables: 7, Constants: 0, Objects: 3, Initial values: 3, Constraints: 0, Goals: 2
2019-08-15 17:03:30.245 [main] DEBUG - Starting GroundedMetaDataPreProcessor pre-processor.
2019-08-15 17:03:30.246 [main] INFO  - Finished GroundedMetaDataPreProcessor pre-processor. Took 1 ms.
2019-08-15 17:03:30.247 [main] DEBUG - Instant actions: 4, Durative actions: 0, Combined Instant actions: 4, Variables: 7, Constants: 0, Objects: 3, Initial values: 3, Constraints: 0, Goals: 2
2019-08-15 17:03:30.247 [main] DEBUG - Starting Constant variable elimination pre-processor.
2019-08-15 17:03:30.253 [main] INFO  - Finished Constant variable elimination pre-processor. Took 6 ms.
2019-08-15 17:03:30.253 [main] DEBUG - Instant actions: 4, Durative actions: 0, Combined Instant actions: 4, Variables: 7, Constants: 0, Objects: 3, Initial values: 3, Constraints: 0, Goals: 2
2019-08-15 17:03:30.253 [main] DEBUG - Starting NumericNormalisationPreProcessor pre-processor.
2019-08-15 17:03:30.254 [main] INFO  - Finished NumericNormalisationPreProcessor pre-processor. Took 1 ms.
2019-08-15 17:03:30.254 [main] DEBUG - Instant actions: 4, Durative actions: 0, Combined Instant actions: 4, Variables: 7, Constants: 0, Objects: 3, Initial values: 3, Constraints: 0, Goals: 2
2019-08-15 17:03:30.254 [main] DEBUG - Starting ImplicitConditionPreProcessor pre-processor.
2019-08-15 17:03:30.258 [main] INFO  - Finished ImplicitConditionPreProcessor pre-processor. Took 4 ms.
2019-08-15 17:03:30.258 [main] DEBUG - Instant actions: 4, Durative actions: 0, Combined Instant actions: 4, Variables: 7, Constants: 0, Objects: 3, Initial values: 3, Constraints: 0, Goals: 2
2019-08-15 17:03:30.259 [main] DEBUG - Starting DependencyAnalyserPreProcessor pre-processor.
2019-08-15 17:03:30.266 [main] INFO  - Finished DependencyAnalyserPreProcessor pre-processor. Took 7 ms.
2019-08-15 17:03:30.266 [main] DEBUG - Instant actions: 4, Durative actions: 0, Combined Instant actions: 4, Variables: 7, Constants: 0, Objects: 3, Initial values: 3, Constraints: 0, Goals: 2
2019-08-15 17:03:30.266 [main] DEBUG - Starting Directionality analyzer pre-processor.
2019-08-15 17:03:30.267 [main] INFO  - Metric is monotonic: true
2019-08-15 17:03:30.269 [main] INFO  - Finished Directionality analyzer pre-processor. Took 3 ms.
2019-08-15 17:03:30.269 [main] DEBUG - Instant actions: 4, Durative actions: 0, Combined Instant actions: 4, Variables: 7, Constants: 0, Objects: 3, Initial values: 3, Constraints: 0, Goals: 2
2019-08-15 17:03:30.269 [main] DEBUG - Starting DurationDependentEffectPreProcessor pre-processor.
2019-08-15 17:03:30.269 [main] DEBUG - Analyzing domain hello for continuous effects
2019-08-15 17:03:30.270 [main] DEBUG - Finished analyzing for continuous effects. Took 1ms
2019-08-15 17:03:30.274 [main] INFO  - Finished DurationDependentEffectPreProcessor pre-processor. Took 5 ms.
2019-08-15 17:03:30.275 [main] DEBUG - Instant actions: 4, Durative actions: 0, Combined Instant actions: 4, Variables: 7, Constants: 0, Objects: 3, Initial values: 3, Constraints: 0, Goals: 2
2019-08-15 17:03:30.275 [main] DEBUG - Starting LandmarksAnalyserPreProcessor pre-processor.
2019-08-15 17:03:30.303 [main] DEBUG - Marking problem goals as landmarks.
2019-08-15 17:03:30.304 [main] DEBUG - Analysing Landmarks
2019-08-15 17:03:30.306 [main] DEBUG - Analysed painted room1 : LandmarkFact{fact=(painted room1), initiallySatisfied=false, goal=true, achievers=[(paint room1)], deleters=[()]}
2019-08-15 17:03:30.306 [main] DEBUG - Found 1 achievers and 0 deleters for landmark (painted room1)
2019-08-15 17:03:30.307 [main] DEBUG - Added landmark action achieving painted room1: (LandmarkAction{action=(paint room1), achievedLandmarks=[(painted room1)]})
2019-08-15 17:03:30.308 [main] DEBUG - Analysed painted room2 : LandmarkFact{fact=(painted room2), initiallySatisfied=false, goal=true, achievers=[(paint room2)], deleters=[()]}
2019-08-15 17:03:30.308 [main] DEBUG - Found 1 achievers and 0 deleters for landmark (painted room2)
2019-08-15 17:03:30.308 [main] DEBUG - Added landmark action achieving painted room2: (LandmarkAction{action=(paint room2), achievedLandmarks=[(painted room2)]})
2019-08-15 17:03:30.309 [main] DEBUG - Analysed paintready room1 : LandmarkFact{fact=(paintready room1), initiallySatisfied=false, goal=false, achievers=[(mix room1 john)], deleters=[()]}
2019-08-15 17:03:30.309 [main] DEBUG - Found 1 achievers and 0 deleters for landmark (paintready room1)
2019-08-15 17:03:30.309 [main] DEBUG - Added landmark action achieving paintready room1: (LandmarkAction{action=(mix room1 john), achievedLandmarks=[(paintready room1)]})
2019-08-15 17:03:30.309 [main] DEBUG - Analysed NOT(painted room1) : LandmarkFact{fact=(NOT(painted room1)), initiallySatisfied=true, goal=false, achievers=[()], deleters=[(paint room1)]}
2019-08-15 17:03:30.309 [main] DEBUG - Found 0 achievers for landmark NOT(painted room1), but it is true in initial state.
2019-08-15 17:03:30.309 [main] DEBUG - Analysed paintready room2 : LandmarkFact{fact=(paintready room2), initiallySatisfied=false, goal=false, achievers=[(mix room2 john)], deleters=[()]}
2019-08-15 17:03:30.310 [main] DEBUG - Found 1 achievers and 0 deleters for landmark (paintready room2)
2019-08-15 17:03:30.310 [main] DEBUG - Added landmark action achieving paintready room2: (LandmarkAction{action=(mix room2 john), achievedLandmarks=[(paintready room2)]})
2019-08-15 17:03:30.310 [main] DEBUG - Analysed NOT(painted room2) : LandmarkFact{fact=(NOT(painted room2)), initiallySatisfied=true, goal=false, achievers=[()], deleters=[(paint room2)]}
2019-08-15 17:03:30.310 [main] DEBUG - Found 0 achievers for landmark NOT(painted room2), but it is true in initial state.
2019-08-15 17:03:30.310 [main] DEBUG - Analysed NOT(paintready room1) : LandmarkFact{fact=(NOT(paintready room1)), initiallySatisfied=true, goal=false, achievers=[()], deleters=[(mix room1 john)]}
2019-08-15 17:03:30.310 [main] DEBUG - Found 0 achievers for landmark NOT(paintready room1), but it is true in initial state.
2019-08-15 17:03:30.310 [main] DEBUG - Analysed NOT(paintready room2) : LandmarkFact{fact=(NOT(paintready room2)), initiallySatisfied=true, goal=false, achievers=[()], deleters=[(mix room2 john)]}
2019-08-15 17:03:30.311 [main] DEBUG - Found 0 achievers for landmark NOT(paintready room2), but it is true in initial state.
2019-08-15 17:03:30.311 [main] INFO  - Identified 8 landmark facts and 4 landmark actions.
2019-08-15 17:03:30.312 [main] INFO  - Finished LandmarksAnalyserPreProcessor pre-processor. Took 37 ms.
2019-08-15 17:03:30.312 [main] DEBUG - Instant actions: 4, Durative actions: 0, Combined Instant actions: 4, Variables: 7, Constants: 0, Objects: 3, Initial values: 3, Constraints: 0, Goals: 2
2019-08-15 17:03:30.324 [main] INFO  - Initialised search for domain 'hello' with problem 'hello-world'
2019-08-15 17:03:30.324 [main] INFO  - Searching hello hello-world using Enforced Hill Climbing
2019-08-15 17:03:30.327 [main] DEBUG - Initial state variable (after external constraint solver): available room1, available room2, ready john
2019-08-15 17:03:30.395 [main] INFO  - Initial Heuristic: 4, 0.0020
2019-08-15 17:03:30.452 [main] DEBUG - Memoiser statistics: 
2019-08-15 17:03:30.452 [main] INFO  - Found plan for C:\Users\SonOf\AppData\Local\Temp\domain-12712np0jebuuDoxp.pddl C:\Users\SonOf\AppData\Local\Temp\problem-1271229b7wBSPbM5s.pddl
2019-08-15 17:03:30.454 [main] DEBUG - Beginning to extract plan tasks...
2019-08-15 17:03:30.463 [main] DEBUG - Tightened STN from the initial state transition
2019-08-15 17:03:30.465 [main] DEBUG - Done extracting durativeHappenings
2019-08-15 17:03:30.468 [main] DEBUG - Updated start constraints
2019-08-15 17:03:30.473 [main] DEBUG - Done extracting plan tasks.
2019-08-15 17:03:30.476 [main] DEBUG - Printed plan for C:\Users\SonOf\AppData\Local\Temp\domain-12712np0jebuuDoxp.pddl C:\Users\SonOf\AppData\Local\Temp\problem-1271229b7wBSPbM5s.pddl
2019-08-15 17:03:30.476 [main] INFO  - 
Printing plan for this domain and problem:
Domain: hello
Problem: hello-world
Plan was found:
Metric: 0.00200000
0.0010: (mix room1 john)
0.0010: (mix room2 john)
0.0020: (paint room1)
0.0020: (paint room2)
End of plan print-out.
Makespan: 0.0020
States evaluated: 4
Memory used (MB): 37
Time needed (sec): 0.127000

2019-08-15 17:03:30.476 [main] INFO  - Reached the plan count limit 1
2019-08-15 17:03:30.477 [main] INFO  - Time spent in overheads related to creating LPs (ms): LongSummaryStatistics{count=0, sum=0, min=9223372036854775807, average=0.000000, max=-9223372036854775808}
2019-08-15 17:03:30.477 [main] INFO  - Time spent in solving LPs (ms): LongSummaryStatistics{count=0, sum=0, min=9223372036854775807, average=0.000000, max=-9223372036854775808}
2019-08-15 17:03:30.477 [main] INFO  - Unique double values generated 5, searched values 22 times
2019-08-15 17:03:30.477 [main] INFO  - Time spent computing incremental numeric achievers LongSummaryStatistics{count=7, sum=0, min=0, average=0.000000, max=0}
2019-08-15 17:03:30.477 [main] INFO  - Time spent computing previous state numeric fact evaluation LongSummaryStatistics{count=0, sum=0, min=9223372036854775807, average=0.000000, max=-9223372036854775808}
2019-08-15 17:03:30.477 [main] INFO  - Time spent computing new state numeric state application LongSummaryStatistics{count=0, sum=0, min=9223372036854775807, average=0.000000, max=-9223372036854775808}
2019-08-15 17:03:30.477 [main] INFO  - Time spent computing landmark analysis in TRPG LongSummaryStatistics{count=0, sum=0, min=9223372036854775807, average=0.000000, max=-9223372036854775808}
2019-08-15 17:03:30.478 [main] INFO  - Time spent in k-shot analysis LongSummaryStatistics{count=0, sum=0, min=9223372036854775807, average=0.000000, max=-9223372036854775808}
2019-08-15 17:03:30.478 [main] INFO  - Finished with C:\Users\SonOf\AppData\Local\Temp\domain-12712np0jebuuDoxp.pddl C:\Users\SonOf\AppData\Local\Temp\problem-1271229b7wBSPbM5s.pddl
2019-08-15 17:04:16.527 [main] DEBUG - Java version: 1.8.0_221
2019-08-15 17:04:16.529 [main] DEBUG - PddlPlannerConfig(C:\Users\SonOf\AppData\Local\Temp\domain-12712GwCx4xMKXmIU.pddl,C:\Users\SonOf\AppData\Local\Temp\problem-12712ynk0yvkKgMeT.pddl,false,0,1,NaN,0.0,0.001,,UNSPECIFIED,UNSPECIFIED,false,false,false,Default,,false,false,false,false,false,false,false,RPOnly,MAX,,,TASKS,,,,HOUR)
2019-08-15 17:04:16.765 [main] INFO  - Planning domain hello problem hello-world with epsilon 0.001
2019-08-15 17:04:16.766 [main] DEBUG - Transforming problem hello-world with hello to Engine model
2019-08-15 17:04:16.806 [main] DEBUG - Transforming domain hello to the Engine model
2019-08-15 17:04:16.811 [main] DEBUG - Found 4 types
2019-08-15 17:04:16.812 [main] DEBUG - Found 0 objects
2019-08-15 17:04:16.814 [main] DEBUG - Found 4 predicate (boolean) variables
2019-08-15 17:04:16.842 [main] DEBUG - Found 0 numeric fluent (double) variables
2019-08-15 17:04:16.845 [main] DEBUG - Found 0 derived boolean variables
2019-08-15 17:04:16.846 [main] DEBUG - Found 0 derived numeric variables
2019-08-15 17:04:16.909 [main] DEBUG - Transforming problem hello-world to the Engine model
2019-08-15 17:04:16.911 [main] DEBUG - Found 3 objects
2019-08-15 17:04:16.936 [main] INFO  - Setting LP running continuous effect extrapolation to MAX
2019-08-15 17:04:17.166 [main] DEBUG - Using Partial Order Scheduling
2019-08-15 17:04:17.167 [main] INFO  - Ordering state queue by UNSPECIFIED
2019-08-15 17:04:17.180 [main] INFO  - Using Skip to Relevant Layer Relaxed Plan Extraction mode.
2019-08-15 17:04:17.180 [main] INFO  - Using only helpful actions that appear in the relaxed plan.
2019-08-15 17:04:17.184 [main] DEBUG - Using Static Analysis Grounder
2019-08-15 17:04:17.184 [main] INFO  - Setting Stopping criteria to search for up to 1 plans.
2019-08-15 17:04:17.198 [main] INFO  - Starting to plan...
2019-08-15 17:04:17.213 [main] DEBUG - Instant actions: 2, Durative actions: 0, Combined Instant actions: 2, Variables: 4, Constants: 0, Objects: 3, Initial values: 3, Constraints: 0
2019-08-15 17:04:17.216 [main] DEBUG - Starting Calculated variable compilation pre-processor.
2019-08-15 17:04:17.222 [main] INFO  - Finished Calculated variable compilation pre-processor. Took 4 ms.
2019-08-15 17:04:17.222 [main] DEBUG - Instant actions: 2, Durative actions: 0, Combined Instant actions: 2, Variables: 4, Constants: 0, Objects: 3, Initial values: 3, Constraints: 0
2019-08-15 17:04:17.223 [main] DEBUG - Starting ForAll conditions and effects pre-processor.
2019-08-15 17:04:17.231 [main] INFO  - Finished ForAll conditions and effects pre-processor. Took 7 ms.
2019-08-15 17:04:17.231 [main] DEBUG - Instant actions: 2, Durative actions: 0, Combined Instant actions: 2, Variables: 4, Constants: 0, Objects: 3, Initial values: 3, Constraints: 0
2019-08-15 17:04:17.231 [main] DEBUG - Starting Normalising expressions to DNF pre-processor.
2019-08-15 17:04:17.235 [main] INFO  - Finished Normalising expressions to DNF pre-processor. Took 4 ms.
2019-08-15 17:04:17.235 [main] DEBUG - Instant actions: 2, Durative actions: 0, Combined Instant actions: 2, Variables: 4, Constants: 0, Objects: 3, Initial values: 3, Constraints: 0
2019-08-15 17:04:17.236 [main] DEBUG - Starting DisjunctionPreProcessor pre-processor.
2019-08-15 17:04:17.238 [main] INFO  - Finished DisjunctionPreProcessor pre-processor. Took 2 ms.
2019-08-15 17:04:17.240 [main] DEBUG - Instant actions: 2, Durative actions: 0, Combined Instant actions: 2, Variables: 4, Constants: 0, Objects: 3, Initial values: 3, Constraints: 0, Goals: 1
2019-08-15 17:04:17.240 [main] DEBUG - Starting NumericNormalisationPreProcessor pre-processor.
2019-08-15 17:04:17.249 [main] INFO  - Finished NumericNormalisationPreProcessor pre-processor. Took 9 ms.
2019-08-15 17:04:17.249 [main] DEBUG - Instant actions: 2, Durative actions: 0, Combined Instant actions: 2, Variables: 4, Constants: 0, Objects: 3, Initial values: 3, Constraints: 0, Goals: 1
2019-08-15 17:04:17.250 [main] DEBUG - Starting InvariantPreProcessor pre-processor.
2019-08-15 17:04:17.251 [main] INFO  - Finished InvariantPreProcessor pre-processor. Took 1 ms.
2019-08-15 17:04:17.251 [main] DEBUG - Instant actions: 2, Durative actions: 0, Combined Instant actions: 2, Variables: 4, Constants: 0, Objects: 3, Initial values: 3, Constraints: 0, Goals: 1
2019-08-15 17:04:17.252 [main] DEBUG - Starting Timed Action Pre-processor pre-processor.
2019-08-15 17:04:17.255 [main] INFO  - Finished Timed Action Pre-processor pre-processor. Took 3 ms.
2019-08-15 17:04:17.255 [main] DEBUG - Instant actions: 2, Durative actions: 0, Combined Instant actions: 2, Variables: 4, Constants: 0, Objects: 3, Initial values: 3, Constraints: 0, Goals: 1
2019-08-15 17:04:17.255 [main] DEBUG - Starting LiftedMetaDataPreProcessor pre-processor.
2019-08-15 17:04:17.264 [main] INFO  - Finished LiftedMetaDataPreProcessor pre-processor. Took 9 ms.
2019-08-15 17:04:17.264 [main] DEBUG - Instant actions: 2, Durative actions: 0, Combined Instant actions: 2, Variables: 4, Constants: 0, Objects: 3, Initial values: 3, Constraints: 0, Goals: 1
2019-08-15 17:04:17.264 [main] DEBUG - Starting SingleShotActionPreProcessor pre-processor.
2019-08-15 17:04:17.272 [main] INFO  - Finished SingleShotActionPreProcessor pre-processor. Took 8 ms.
2019-08-15 17:04:17.272 [main] DEBUG - Instant actions: 2, Durative actions: 0, Combined Instant actions: 2, Variables: 4, Constants: 0, Objects: 3, Initial values: 3, Constraints: 0, Goals: 1
2019-08-15 17:04:17.273 [main] DEBUG - Starting VariableVolatilityPreProcessor pre-processor.
2019-08-15 17:04:17.276 [main] INFO  - Finished VariableVolatilityPreProcessor pre-processor. Took 3 ms.
2019-08-15 17:04:17.277 [main] DEBUG - Instant actions: 2, Durative actions: 0, Combined Instant actions: 2, Variables: 4, Constants: 0, Objects: 3, Initial values: 3, Constraints: 0, Goals: 1
2019-08-15 17:04:17.277 [main] DEBUG - Starting Grounder pre-processor.
2019-08-15 17:04:17.279 [main] INFO  - Performing static analysis.
2019-08-15 17:04:17.284 [main] INFO  - Finished static analysis.
2019-08-15 17:04:17.284 [main] DEBUG - Grounding problem
2019-08-15 17:04:17.284 [main] DEBUG - Grounding instant actions ...
2019-08-15 17:04:17.305 [ForkJoinPool.commonPool-worker-1] DEBUG - Grounded paint to 2 grounded actions
2019-08-15 17:04:17.322 [main] DEBUG - Grounded mix to 2 grounded actions
2019-08-15 17:04:17.323 [main] DEBUG - Grounded 4 instant actions
2019-08-15 17:04:17.323 [main] DEBUG - Grounding durative actions ...
2019-08-15 17:04:17.324 [main] DEBUG - Grounded 0 durative actions
2019-08-15 17:04:17.326 [main] DEBUG - Constructing new preprocessed domain
2019-08-15 17:04:17.327 [main] DEBUG - Constructing new preprocessed problem
2019-08-15 17:04:17.329 [main] INFO  - Finished Grounder pre-processor. Took 52 ms.
2019-08-15 17:04:17.329 [main] DEBUG - Instant actions: 2, Durative actions: 0, Combined Instant actions: 2, Variables: 4, Constants: 0, Objects: 3, Initial values: 3, Constraints: 0, Goals: 1
2019-08-15 17:04:17.329 [main] DEBUG - Starting Sometimes-constraint compilation pre-processor.
2019-08-15 17:04:17.331 [main] INFO  - Finished Sometimes-constraint compilation pre-processor. Took 2 ms.
2019-08-15 17:04:17.331 [main] DEBUG - Instant actions: 4, Durative actions: 0, Combined Instant actions: 4, Variables: 7, Constants: 0, Objects: 3, Initial values: 3, Constraints: 0, Goals: 1
2019-08-15 17:04:17.331 [main] DEBUG - Starting GroundedMetaDataPreProcessor pre-processor.
2019-08-15 17:04:17.332 [main] INFO  - Finished GroundedMetaDataPreProcessor pre-processor. Took 1 ms.
2019-08-15 17:04:17.332 [main] DEBUG - Instant actions: 4, Durative actions: 0, Combined Instant actions: 4, Variables: 7, Constants: 0, Objects: 3, Initial values: 3, Constraints: 0, Goals: 1
2019-08-15 17:04:17.333 [main] DEBUG - Starting Constant variable elimination pre-processor.
2019-08-15 17:04:17.338 [main] INFO  - Finished Constant variable elimination pre-processor. Took 5 ms.
2019-08-15 17:04:17.338 [main] DEBUG - Instant actions: 4, Durative actions: 0, Combined Instant actions: 4, Variables: 7, Constants: 0, Objects: 3, Initial values: 3, Constraints: 0, Goals: 1
2019-08-15 17:04:17.339 [main] DEBUG - Starting NumericNormalisationPreProcessor pre-processor.
2019-08-15 17:04:17.340 [main] INFO  - Finished NumericNormalisationPreProcessor pre-processor. Took 1 ms.
2019-08-15 17:04:17.340 [main] DEBUG - Instant actions: 4, Durative actions: 0, Combined Instant actions: 4, Variables: 7, Constants: 0, Objects: 3, Initial values: 3, Constraints: 0, Goals: 1
2019-08-15 17:04:17.340 [main] DEBUG - Starting ImplicitConditionPreProcessor pre-processor.
2019-08-15 17:04:17.344 [main] INFO  - Finished ImplicitConditionPreProcessor pre-processor. Took 4 ms.
2019-08-15 17:04:17.345 [main] DEBUG - Instant actions: 4, Durative actions: 0, Combined Instant actions: 4, Variables: 7, Constants: 0, Objects: 3, Initial values: 3, Constraints: 0, Goals: 1
2019-08-15 17:04:17.345 [main] DEBUG - Starting DependencyAnalyserPreProcessor pre-processor.
2019-08-15 17:04:17.352 [main] INFO  - Finished DependencyAnalyserPreProcessor pre-processor. Took 7 ms.
2019-08-15 17:04:17.352 [main] DEBUG - Instant actions: 4, Durative actions: 0, Combined Instant actions: 4, Variables: 7, Constants: 0, Objects: 3, Initial values: 3, Constraints: 0, Goals: 1
2019-08-15 17:04:17.353 [main] DEBUG - Starting Directionality analyzer pre-processor.
2019-08-15 17:04:17.354 [main] INFO  - Metric is monotonic: true
2019-08-15 17:04:17.355 [main] INFO  - Finished Directionality analyzer pre-processor. Took 2 ms.
2019-08-15 17:04:17.355 [main] DEBUG - Instant actions: 4, Durative actions: 0, Combined Instant actions: 4, Variables: 7, Constants: 0, Objects: 3, Initial values: 3, Constraints: 0, Goals: 1
2019-08-15 17:04:17.356 [main] DEBUG - Starting DurationDependentEffectPreProcessor pre-processor.
2019-08-15 17:04:17.356 [main] DEBUG - Analyzing domain hello for continuous effects
2019-08-15 17:04:17.356 [main] DEBUG - Finished analyzing for continuous effects. Took 0ms
2019-08-15 17:04:17.362 [main] INFO  - Finished DurationDependentEffectPreProcessor pre-processor. Took 6 ms.
2019-08-15 17:04:17.362 [main] DEBUG - Instant actions: 4, Durative actions: 0, Combined Instant actions: 4, Variables: 7, Constants: 0, Objects: 3, Initial values: 3, Constraints: 0, Goals: 1
2019-08-15 17:04:17.362 [main] DEBUG - Starting LandmarksAnalyserPreProcessor pre-processor.
2019-08-15 17:04:17.389 [main] DEBUG - Marking problem goals as landmarks.
2019-08-15 17:04:17.390 [main] DEBUG - Analysing Landmarks
2019-08-15 17:04:17.393 [main] DEBUG - Analysed painted room1 : LandmarkFact{fact=(painted room1), initiallySatisfied=false, goal=true, achievers=[(paint room1)], deleters=[()]}
2019-08-15 17:04:17.394 [main] DEBUG - Found 1 achievers and 0 deleters for landmark (painted room1)
2019-08-15 17:04:17.395 [main] DEBUG - Added landmark action achieving painted room1: (LandmarkAction{action=(paint room1), achievedLandmarks=[(painted room1)]})
2019-08-15 17:04:17.396 [main] DEBUG - Analysed paintready room1 : LandmarkFact{fact=(paintready room1), initiallySatisfied=false, goal=false, achievers=[(mix room1 john)], deleters=[()]}
2019-08-15 17:04:17.396 [main] DEBUG - Found 1 achievers and 0 deleters for landmark (paintready room1)
2019-08-15 17:04:17.396 [main] DEBUG - Added landmark action achieving paintready room1: (LandmarkAction{action=(mix room1 john), achievedLandmarks=[(paintready room1)]})
2019-08-15 17:04:17.396 [main] DEBUG - Analysed NOT(painted room1) : LandmarkFact{fact=(NOT(painted room1)), initiallySatisfied=true, goal=false, achievers=[()], deleters=[(paint room1)]}
2019-08-15 17:04:17.397 [main] DEBUG - Found 0 achievers for landmark NOT(painted room1), but it is true in initial state.
2019-08-15 17:04:17.397 [main] DEBUG - Analysed ready john : LandmarkFact{fact=(ready john), initiallySatisfied=true, goal=false, achievers=[()], deleters=[(mix room1 john,mix room2 john)]}
2019-08-15 17:04:17.397 [main] DEBUG - Found 0 achievers for landmark ready john, but it is true in initial state.
2019-08-15 17:04:17.397 [main] DEBUG - Analysed NOT(paintready room1) : LandmarkFact{fact=(NOT(paintready room1)), initiallySatisfied=true, goal=false, achievers=[()], deleters=[(mix room1 john)]}
2019-08-15 17:04:17.397 [main] DEBUG - Found 0 achievers for landmark NOT(paintready room1), but it is true in initial state.
2019-08-15 17:04:17.397 [main] INFO  - Identified 5 landmark facts and 2 landmark actions.
2019-08-15 17:04:17.398 [main] INFO  - Finished LandmarksAnalyserPreProcessor pre-processor. Took 36 ms.
2019-08-15 17:04:17.398 [main] DEBUG - Instant actions: 4, Durative actions: 0, Combined Instant actions: 4, Variables: 7, Constants: 0, Objects: 3, Initial values: 3, Constraints: 0, Goals: 1
2019-08-15 17:04:17.410 [main] INFO  - Initialised search for domain 'hello' with problem 'hello-world'
2019-08-15 17:04:17.410 [main] INFO  - Searching hello hello-world using Enforced Hill Climbing
2019-08-15 17:04:17.412 [main] DEBUG - Initial state variable (after external constraint solver): available room1, available room2, ready john
2019-08-15 17:04:17.479 [main] INFO  - Initial Heuristic: 2, 0.0020
2019-08-15 17:04:17.533 [main] DEBUG - Memoiser statistics: 
2019-08-15 17:04:17.533 [main] INFO  - Found plan for C:\Users\SonOf\AppData\Local\Temp\domain-12712GwCx4xMKXmIU.pddl C:\Users\SonOf\AppData\Local\Temp\problem-12712ynk0yvkKgMeT.pddl
2019-08-15 17:04:17.535 [main] DEBUG - Beginning to extract plan tasks...
2019-08-15 17:04:17.538 [main] DEBUG - Tightened STN from the initial state transition
2019-08-15 17:04:17.539 [main] DEBUG - Done extracting durativeHappenings
2019-08-15 17:04:17.542 [main] DEBUG - Updated start constraints
2019-08-15 17:04:17.549 [main] DEBUG - Done extracting plan tasks.
2019-08-15 17:04:17.551 [main] DEBUG - Printed plan for C:\Users\SonOf\AppData\Local\Temp\domain-12712GwCx4xMKXmIU.pddl C:\Users\SonOf\AppData\Local\Temp\problem-12712ynk0yvkKgMeT.pddl
2019-08-15 17:04:17.551 [main] INFO  - 
Printing plan for this domain and problem:
Domain: hello
Problem: hello-world
Plan was found:
Metric: 0.00200000
0.0010: (mix room1 john)
0.0020: (paint room1)
End of plan print-out.
Makespan: 0.0020
States evaluated: 2
Memory used (MB): 37
Time needed (sec): 0.122000

2019-08-15 17:04:17.552 [main] INFO  - Reached the plan count limit 1
2019-08-15 17:04:17.552 [main] INFO  - Time spent in overheads related to creating LPs (ms): LongSummaryStatistics{count=0, sum=0, min=9223372036854775807, average=0.000000, max=-9223372036854775808}
2019-08-15 17:04:17.553 [main] INFO  - Time spent in solving LPs (ms): LongSummaryStatistics{count=0, sum=0, min=9223372036854775807, average=0.000000, max=-9223372036854775808}
2019-08-15 17:04:17.553 [main] INFO  - Unique double values generated 5, searched values 16 times
2019-08-15 17:04:17.553 [main] INFO  - Time spent computing incremental numeric achievers LongSummaryStatistics{count=3, sum=0, min=0, average=0.000000, max=0}
2019-08-15 17:04:17.553 [main] INFO  - Time spent computing previous state numeric fact evaluation LongSummaryStatistics{count=0, sum=0, min=9223372036854775807, average=0.000000, max=-9223372036854775808}
2019-08-15 17:04:17.554 [main] INFO  - Time spent computing new state numeric state application LongSummaryStatistics{count=0, sum=0, min=9223372036854775807, average=0.000000, max=-9223372036854775808}
2019-08-15 17:04:17.554 [main] INFO  - Time spent computing landmark analysis in TRPG LongSummaryStatistics{count=0, sum=0, min=9223372036854775807, average=0.000000, max=-9223372036854775808}
2019-08-15 17:04:17.555 [main] INFO  - Time spent in k-shot analysis LongSummaryStatistics{count=0, sum=0, min=9223372036854775807, average=0.000000, max=-9223372036854775808}
2019-08-15 17:04:17.555 [main] INFO  - Finished with C:\Users\SonOf\AppData\Local\Temp\domain-12712GwCx4xMKXmIU.pddl C:\Users\SonOf\AppData\Local\Temp\problem-12712ynk0yvkKgMeT.pddl
